INFO:gui.maingui:Started
INFO:gui.maingui:UI Initialized
DEBUG:matplotlib:CACHEDIR=C:\Users\moshe\.matplotlib
DEBUG:matplotlib.font_manager:Using fontManager instance from C:\Users\moshe\.matplotlib\fontlist-v390.json
DEBUG:rasterio.env:Entering env context: <rasterio.env.Env object at 0x000001620A061850>
DEBUG:rasterio.env:Starting outermost env
DEBUG:rasterio.env:No GDAL environment exists
DEBUG:rasterio.env:New GDAL environment <rasterio._env.GDALEnv object at 0x0000016209F74BB0> created
DEBUG:rasterio._filepath:Installing FilePath filesystem handler plugin...
DEBUG:rasterio._env:GDAL data found in package: path='C:\\Users\\moshe\\Documents\\SpecLab\\.venv\\Lib\\site-packages\\rasterio\\gdal_data'.
DEBUG:rasterio._env:PROJ data found in package: path='C:\\Users\\moshe\\Documents\\SpecLab\\.venv\\Lib\\site-packages\\rasterio\\proj_data'.
DEBUG:rasterio._env:Started GDALEnv: self=<rasterio._env.GDALEnv object at 0x0000016209F74BB0>.
DEBUG:rasterio.env:Entered env context: <rasterio.env.Env object at 0x000001620A061850>
DEBUG:rasterio._base:Sharing flag: 0
DEBUG:rasterio._base:Nodata success: 1, Nodata value: 2.000000
DEBUG:rasterio._base:Nodata success: 1, Nodata value: 2.000000
DEBUG:rasterio._base:Nodata success: 1, Nodata value: 2.000000
DEBUG:rasterio._base:Nodata success: 1, Nodata value: 2.000000
DEBUG:rasterio._base:Nodata success: 1, Nodata value: 2.000000
DEBUG:rasterio._base:Nodata success: 1, Nodata value: 2.000000
DEBUG:rasterio._base:Nodata success: 1, Nodata value: 2.000000
DEBUG:rasterio._base:Nodata success: 1, Nodata value: 2.000000
DEBUG:rasterio._base:Nodata success: 1, Nodata value: 2.000000
DEBUG:rasterio._base:Nodata success: 1, Nodata value: 2.000000
DEBUG:rasterio._base:Nodata success: 1, Nodata value: 2.000000
DEBUG:rasterio._base:Nodata success: 1, Nodata value: 2.000000
DEBUG:rasterio._base:Nodata success: 1, Nodata value: 2.000000
DEBUG:rasterio._base:Nodata success: 1, Nodata value: 2.000000
DEBUG:rasterio._base:Nodata success: 1, Nodata value: 2.000000
DEBUG:rasterio._base:Nodata success: 1, Nodata value: 2.000000
DEBUG:rasterio._base:Nodata success: 1, Nodata value: 2.000000
DEBUG:rasterio._base:Nodata success: 1, Nodata value: 2.000000
DEBUG:rasterio._base:Nodata success: 1, Nodata value: 2.000000
DEBUG:rasterio._base:Nodata success: 1, Nodata value: 2.000000
DEBUG:rasterio._base:Nodata success: 1, Nodata value: 2.000000
DEBUG:rasterio._base:Nodata success: 1, Nodata value: 2.000000
DEBUG:rasterio._base:Nodata success: 1, Nodata value: 2.000000
DEBUG:rasterio._base:Nodata success: 1, Nodata value: 2.000000
DEBUG:rasterio._base:Nodata success: 1, Nodata value: 2.000000
DEBUG:rasterio._base:Nodata success: 1, Nodata value: 2.000000
DEBUG:rasterio._base:Nodata success: 1, Nodata value: 2.000000
DEBUG:rasterio._base:Nodata success: 1, Nodata value: 2.000000
DEBUG:rasterio._base:Nodata success: 1, Nodata value: 2.000000
DEBUG:rasterio._base:Nodata success: 1, Nodata value: 2.000000
DEBUG:rasterio._base:Nodata success: 1, Nodata value: 2.000000
DEBUG:rasterio._base:Nodata success: 1, Nodata value: 2.000000
DEBUG:rasterio._base:Nodata success: 1, Nodata value: 2.000000
DEBUG:rasterio._base:Nodata success: 1, Nodata value: 2.000000
DEBUG:rasterio._base:Nodata success: 1, Nodata value: 2.000000
DEBUG:rasterio._base:Nodata success: 1, Nodata value: 2.000000
DEBUG:rasterio._base:Nodata success: 1, Nodata value: 2.000000
DEBUG:rasterio._base:Nodata success: 1, Nodata value: 2.000000
DEBUG:rasterio._base:Nodata success: 1, Nodata value: 2.000000
DEBUG:rasterio._base:Nodata success: 1, Nodata value: 2.000000
DEBUG:rasterio._base:Nodata success: 1, Nodata value: 2.000000
DEBUG:rasterio._base:Nodata success: 1, Nodata value: 2.000000
DEBUG:rasterio._base:Nodata success: 1, Nodata value: 2.000000
DEBUG:rasterio._base:Nodata success: 1, Nodata value: 2.000000
DEBUG:rasterio._base:Nodata success: 1, Nodata value: 2.000000
DEBUG:rasterio._base:Nodata success: 1, Nodata value: 2.000000
DEBUG:rasterio._base:Nodata success: 1, Nodata value: 2.000000
DEBUG:rasterio._base:Nodata success: 1, Nodata value: 2.000000
DEBUG:rasterio._base:Nodata success: 1, Nodata value: 2.000000
DEBUG:rasterio._base:Nodata success: 1, Nodata value: 2.000000
DEBUG:rasterio._base:Nodata success: 1, Nodata value: 2.000000
DEBUG:rasterio._base:Nodata success: 1, Nodata value: 2.000000
DEBUG:rasterio._base:Nodata success: 1, Nodata value: 2.000000
DEBUG:rasterio._base:Nodata success: 1, Nodata value: 2.000000
DEBUG:rasterio._base:Nodata success: 1, Nodata value: 2.000000
DEBUG:rasterio._base:Nodata success: 1, Nodata value: 2.000000
DEBUG:rasterio._base:Nodata success: 1, Nodata value: 2.000000
DEBUG:rasterio._base:Nodata success: 1, Nodata value: 2.000000
DEBUG:rasterio._base:Nodata success: 1, Nodata value: 2.000000
DEBUG:rasterio._base:Nodata success: 1, Nodata value: 2.000000
DEBUG:rasterio._base:Nodata success: 1, Nodata value: 2.000000
DEBUG:rasterio._base:Nodata success: 1, Nodata value: 2.000000
DEBUG:rasterio._base:Nodata success: 1, Nodata value: 2.000000
DEBUG:rasterio._base:Nodata success: 1, Nodata value: 2.000000
DEBUG:rasterio._base:Nodata success: 1, Nodata value: 2.000000
DEBUG:rasterio._base:Nodata success: 1, Nodata value: 2.000000
DEBUG:rasterio._base:Nodata success: 1, Nodata value: 2.000000
DEBUG:rasterio._base:Nodata success: 1, Nodata value: 2.000000
DEBUG:rasterio._base:Nodata success: 1, Nodata value: 2.000000
DEBUG:rasterio._base:Nodata success: 1, Nodata value: 2.000000
DEBUG:rasterio._base:Nodata success: 1, Nodata value: 2.000000
DEBUG:rasterio._base:Nodata success: 1, Nodata value: 2.000000
DEBUG:rasterio._base:Nodata success: 1, Nodata value: 2.000000
DEBUG:rasterio._base:Nodata success: 1, Nodata value: 2.000000
DEBUG:rasterio._base:Nodata success: 1, Nodata value: 2.000000
DEBUG:rasterio._base:Nodata success: 1, Nodata value: 2.000000
DEBUG:rasterio._base:Nodata success: 1, Nodata value: 2.000000
DEBUG:rasterio._base:Nodata success: 1, Nodata value: 2.000000
DEBUG:rasterio._base:Nodata success: 1, Nodata value: 2.000000
DEBUG:rasterio._base:Nodata success: 1, Nodata value: 2.000000
DEBUG:rasterio._base:Nodata success: 1, Nodata value: 2.000000
DEBUG:rasterio._base:Nodata success: 1, Nodata value: 2.000000
DEBUG:rasterio._base:Nodata success: 1, Nodata value: 2.000000
DEBUG:rasterio._base:Nodata success: 1, Nodata value: 2.000000
DEBUG:rasterio._base:Nodata success: 1, Nodata value: 2.000000
DEBUG:rasterio._base:Nodata success: 1, Nodata value: 2.000000
DEBUG:rasterio._base:Nodata success: 1, Nodata value: 2.000000
DEBUG:rasterio._base:Nodata success: 1, Nodata value: 2.000000
DEBUG:rasterio._base:Nodata success: 1, Nodata value: 2.000000
DEBUG:rasterio._base:Nodata success: 1, Nodata value: 2.000000
DEBUG:rasterio._base:Nodata success: 1, Nodata value: 2.000000
DEBUG:rasterio._base:Nodata success: 1, Nodata value: 2.000000
DEBUG:rasterio._base:Nodata success: 1, Nodata value: 2.000000
DEBUG:rasterio._base:Nodata success: 1, Nodata value: 2.000000
DEBUG:rasterio._base:Nodata success: 1, Nodata value: 2.000000
DEBUG:rasterio._base:Nodata success: 1, Nodata value: 2.000000
DEBUG:rasterio._base:Nodata success: 1, Nodata value: 2.000000
DEBUG:rasterio._base:Nodata success: 1, Nodata value: 2.000000
DEBUG:rasterio._base:Nodata success: 1, Nodata value: 2.000000
DEBUG:rasterio._base:Nodata success: 1, Nodata value: 2.000000
DEBUG:rasterio._base:Nodata success: 1, Nodata value: 2.000000
DEBUG:rasterio._base:Nodata success: 1, Nodata value: 2.000000
DEBUG:rasterio._base:Nodata success: 1, Nodata value: 2.000000
DEBUG:rasterio._base:Nodata success: 1, Nodata value: 2.000000
DEBUG:rasterio._base:Nodata success: 1, Nodata value: 2.000000
DEBUG:rasterio._base:Nodata success: 1, Nodata value: 2.000000
DEBUG:rasterio._base:Nodata success: 1, Nodata value: 2.000000
DEBUG:rasterio._base:Nodata success: 1, Nodata value: 2.000000
DEBUG:rasterio._base:Nodata success: 1, Nodata value: 2.000000
DEBUG:rasterio._base:Nodata success: 1, Nodata value: 2.000000
DEBUG:rasterio._base:Nodata success: 1, Nodata value: 2.000000
DEBUG:rasterio._base:Nodata success: 1, Nodata value: 2.000000
DEBUG:rasterio._base:Nodata success: 1, Nodata value: 2.000000
DEBUG:rasterio._base:Nodata success: 1, Nodata value: 2.000000
DEBUG:rasterio._base:Nodata success: 1, Nodata value: 2.000000
DEBUG:rasterio._base:Nodata success: 1, Nodata value: 2.000000
DEBUG:rasterio._base:Nodata success: 1, Nodata value: 2.000000
DEBUG:rasterio._base:Nodata success: 1, Nodata value: 2.000000
DEBUG:rasterio._base:Nodata success: 1, Nodata value: 2.000000
DEBUG:rasterio._base:Nodata success: 1, Nodata value: 2.000000
DEBUG:rasterio._base:Nodata success: 1, Nodata value: 2.000000
DEBUG:rasterio._base:Nodata success: 1, Nodata value: 2.000000
DEBUG:rasterio._base:Nodata success: 1, Nodata value: 2.000000
DEBUG:rasterio._base:Nodata success: 1, Nodata value: 2.000000
DEBUG:rasterio._base:Nodata success: 1, Nodata value: 2.000000
DEBUG:rasterio._base:Nodata success: 1, Nodata value: 2.000000
DEBUG:rasterio._base:Nodata success: 1, Nodata value: 2.000000
DEBUG:rasterio._base:Nodata success: 1, Nodata value: 2.000000
DEBUG:rasterio._base:Nodata success: 1, Nodata value: 2.000000
DEBUG:rasterio._base:Nodata success: 1, Nodata value: 2.000000
DEBUG:rasterio._base:Nodata success: 1, Nodata value: 2.000000
DEBUG:rasterio._base:Nodata success: 1, Nodata value: 2.000000
DEBUG:rasterio._base:Nodata success: 1, Nodata value: 2.000000
DEBUG:rasterio._base:Nodata success: 1, Nodata value: 2.000000
DEBUG:rasterio._base:Nodata success: 1, Nodata value: 2.000000
DEBUG:rasterio._base:Nodata success: 1, Nodata value: 2.000000
DEBUG:rasterio._base:Nodata success: 1, Nodata value: 2.000000
DEBUG:rasterio._base:Nodata success: 1, Nodata value: 2.000000
DEBUG:rasterio._base:Nodata success: 1, Nodata value: 2.000000
DEBUG:rasterio._base:Nodata success: 1, Nodata value: 2.000000
DEBUG:rasterio._base:Nodata success: 1, Nodata value: 2.000000
DEBUG:rasterio._base:Nodata success: 1, Nodata value: 2.000000
DEBUG:rasterio._base:Nodata success: 1, Nodata value: 2.000000
DEBUG:rasterio._base:Nodata success: 1, Nodata value: 2.000000
DEBUG:rasterio._base:Nodata success: 1, Nodata value: 2.000000
DEBUG:rasterio._base:Nodata success: 1, Nodata value: 2.000000
DEBUG:rasterio._base:Nodata success: 1, Nodata value: 2.000000
DEBUG:rasterio._base:Nodata success: 1, Nodata value: 2.000000
DEBUG:rasterio._base:Nodata success: 1, Nodata value: 2.000000
DEBUG:rasterio._base:Nodata success: 1, Nodata value: 2.000000
DEBUG:rasterio._base:Nodata success: 1, Nodata value: 2.000000
DEBUG:rasterio._base:Nodata success: 1, Nodata value: 2.000000
DEBUG:rasterio._base:Nodata success: 1, Nodata value: 2.000000
DEBUG:rasterio._base:Nodata success: 1, Nodata value: 2.000000
DEBUG:rasterio._base:Nodata success: 1, Nodata value: 2.000000
DEBUG:rasterio._base:Nodata success: 1, Nodata value: 2.000000
DEBUG:rasterio._base:Nodata success: 1, Nodata value: 2.000000
DEBUG:rasterio._base:Nodata success: 1, Nodata value: 2.000000
DEBUG:rasterio._base:Nodata success: 1, Nodata value: 2.000000
DEBUG:rasterio._base:Nodata success: 1, Nodata value: 2.000000
DEBUG:rasterio._base:Nodata success: 1, Nodata value: 2.000000
DEBUG:rasterio._base:Nodata success: 1, Nodata value: 2.000000
DEBUG:rasterio._base:Nodata success: 1, Nodata value: 2.000000
DEBUG:rasterio._base:Nodata success: 1, Nodata value: 2.000000
DEBUG:rasterio._base:Nodata success: 1, Nodata value: 2.000000
DEBUG:rasterio._base:Nodata success: 1, Nodata value: 2.000000
DEBUG:rasterio._base:Nodata success: 1, Nodata value: 2.000000
DEBUG:rasterio._base:Nodata success: 1, Nodata value: 2.000000
DEBUG:rasterio._base:Nodata success: 1, Nodata value: 2.000000
DEBUG:rasterio._base:Nodata success: 1, Nodata value: 2.000000
DEBUG:rasterio._base:Nodata success: 1, Nodata value: 2.000000
DEBUG:rasterio._base:Nodata success: 1, Nodata value: 2.000000
DEBUG:rasterio._base:Nodata success: 1, Nodata value: 2.000000
DEBUG:rasterio._base:Nodata success: 1, Nodata value: 2.000000
DEBUG:rasterio._base:Nodata success: 1, Nodata value: 2.000000
DEBUG:rasterio._base:Nodata success: 1, Nodata value: 2.000000
DEBUG:rasterio._base:Nodata success: 1, Nodata value: 2.000000
DEBUG:rasterio._base:Nodata success: 1, Nodata value: 2.000000
DEBUG:rasterio._base:Nodata success: 1, Nodata value: 2.000000
DEBUG:rasterio._base:Nodata success: 1, Nodata value: 2.000000
DEBUG:rasterio._base:Nodata success: 1, Nodata value: 2.000000
DEBUG:rasterio._base:Nodata success: 1, Nodata value: 2.000000
DEBUG:rasterio._base:Nodata success: 1, Nodata value: 2.000000
DEBUG:rasterio._base:Nodata success: 1, Nodata value: 2.000000
DEBUG:rasterio._base:Nodata success: 1, Nodata value: 2.000000
DEBUG:rasterio._base:Nodata success: 1, Nodata value: 2.000000
DEBUG:rasterio._base:Nodata success: 1, Nodata value: 2.000000
DEBUG:rasterio._base:Nodata success: 1, Nodata value: 2.000000
DEBUG:rasterio._base:Nodata success: 1, Nodata value: 2.000000
DEBUG:rasterio._base:Nodata success: 1, Nodata value: 2.000000
DEBUG:rasterio._base:Nodata success: 1, Nodata value: 2.000000
DEBUG:rasterio._base:Nodata success: 1, Nodata value: 2.000000
DEBUG:rasterio._base:Nodata success: 1, Nodata value: 2.000000
DEBUG:rasterio._base:Nodata success: 1, Nodata value: 2.000000
DEBUG:rasterio._base:Nodata success: 1, Nodata value: 2.000000
DEBUG:rasterio._base:Nodata success: 1, Nodata value: 2.000000
DEBUG:rasterio._base:Nodata success: 1, Nodata value: 2.000000
DEBUG:rasterio._base:Nodata success: 1, Nodata value: 2.000000
DEBUG:rasterio._base:Nodata success: 1, Nodata value: 2.000000
DEBUG:rasterio._base:Nodata success: 1, Nodata value: 2.000000
DEBUG:rasterio._base:Dataset <open DatasetReader name='C:/Users/moshe/Documents/SpecLab/src/testImages/HySpex/220724_VNIR_Reflectance.img' mode='r'> is started.
DEBUG:rasterio.env:Exiting env context: <rasterio.env.Env object at 0x000001620A061850>
DEBUG:rasterio.env:Cleared existing <rasterio._env.GDALEnv object at 0x0000016209F74BB0> options
DEBUG:rasterio._env:Stopped GDALEnv <rasterio._env.GDALEnv object at 0x0000016209F74BB0>.
DEBUG:rasterio.env:Exiting outermost env
DEBUG:rasterio.env:Exited env context: <rasterio.env.Env object at 0x000001620A061850>
DEBUG:rasterio.env:Entering env context: <rasterio.env.Env object at 0x000001620A022960>
DEBUG:rasterio.env:Starting outermost env
DEBUG:rasterio.env:No GDAL environment exists
DEBUG:rasterio.env:New GDAL environment <rasterio._env.GDALEnv object at 0x0000016209F74430> created
DEBUG:rasterio._env:GDAL data found in package: path='C:\\Users\\moshe\\Documents\\SpecLab\\.venv\\Lib\\site-packages\\rasterio\\gdal_data'.
DEBUG:rasterio._env:PROJ data found in package: path='C:\\Users\\moshe\\Documents\\SpecLab\\.venv\\Lib\\site-packages\\rasterio\\proj_data'.
DEBUG:rasterio._env:Started GDALEnv: self=<rasterio._env.GDALEnv object at 0x0000016209F74430>.
DEBUG:rasterio.env:Entered env context: <rasterio.env.Env object at 0x000001620A022960>
DEBUG:rasterio._io:Output nodata value read from file: 2.0
DEBUG:rasterio._io:Output nodata value read from file: 2.0
DEBUG:rasterio._io:Output nodata value read from file: 2.0
DEBUG:rasterio._io:Output nodata value read from file: 2.0
DEBUG:rasterio._io:Output nodata value read from file: 2.0
DEBUG:rasterio._io:Output nodata value read from file: 2.0
DEBUG:rasterio._io:Output nodata value read from file: 2.0
DEBUG:rasterio._io:Output nodata value read from file: 2.0
DEBUG:rasterio._io:Output nodata value read from file: 2.0
DEBUG:rasterio._io:Output nodata value read from file: 2.0
DEBUG:rasterio._io:Output nodata value read from file: 2.0
DEBUG:rasterio._io:Output nodata value read from file: 2.0
DEBUG:rasterio._io:Output nodata value read from file: 2.0
DEBUG:rasterio._io:Output nodata value read from file: 2.0
DEBUG:rasterio._io:Output nodata value read from file: 2.0
DEBUG:rasterio._io:Output nodata value read from file: 2.0
DEBUG:rasterio._io:Output nodata value read from file: 2.0
DEBUG:rasterio._io:Output nodata value read from file: 2.0
DEBUG:rasterio._io:Output nodata value read from file: 2.0
DEBUG:rasterio._io:Output nodata value read from file: 2.0
DEBUG:rasterio._io:Output nodata value read from file: 2.0
DEBUG:rasterio._io:Output nodata value read from file: 2.0
DEBUG:rasterio._io:Output nodata value read from file: 2.0
DEBUG:rasterio._io:Output nodata value read from file: 2.0
DEBUG:rasterio._io:Output nodata value read from file: 2.0
DEBUG:rasterio._io:Output nodata value read from file: 2.0
DEBUG:rasterio._io:Output nodata value read from file: 2.0
DEBUG:rasterio._io:Output nodata value read from file: 2.0
DEBUG:rasterio._io:Output nodata value read from file: 2.0
DEBUG:rasterio._io:Output nodata value read from file: 2.0
DEBUG:rasterio._io:Output nodata value read from file: 2.0
DEBUG:rasterio._io:Output nodata value read from file: 2.0
DEBUG:rasterio._io:Output nodata value read from file: 2.0
DEBUG:rasterio._io:Output nodata value read from file: 2.0
DEBUG:rasterio._io:Output nodata value read from file: 2.0
DEBUG:rasterio._io:Output nodata value read from file: 2.0
DEBUG:rasterio._io:Output nodata value read from file: 2.0
DEBUG:rasterio._io:Output nodata value read from file: 2.0
DEBUG:rasterio._io:Output nodata value read from file: 2.0
DEBUG:rasterio._io:Output nodata value read from file: 2.0
DEBUG:rasterio._io:Output nodata value read from file: 2.0
DEBUG:rasterio._io:Output nodata value read from file: 2.0
DEBUG:rasterio._io:Output nodata value read from file: 2.0
DEBUG:rasterio._io:Output nodata value read from file: 2.0
DEBUG:rasterio._io:Output nodata value read from file: 2.0
DEBUG:rasterio._io:Output nodata value read from file: 2.0
DEBUG:rasterio._io:Output nodata value read from file: 2.0
DEBUG:rasterio._io:Output nodata value read from file: 2.0
DEBUG:rasterio._io:Output nodata value read from file: 2.0
DEBUG:rasterio._io:Output nodata value read from file: 2.0
DEBUG:rasterio._io:Output nodata value read from file: 2.0
DEBUG:rasterio._io:Output nodata value read from file: 2.0
DEBUG:rasterio._io:Output nodata value read from file: 2.0
DEBUG:rasterio._io:Output nodata value read from file: 2.0
DEBUG:rasterio._io:Output nodata value read from file: 2.0
DEBUG:rasterio._io:Output nodata value read from file: 2.0
DEBUG:rasterio._io:Output nodata value read from file: 2.0
DEBUG:rasterio._io:Output nodata value read from file: 2.0
DEBUG:rasterio._io:Output nodata value read from file: 2.0
DEBUG:rasterio._io:Output nodata value read from file: 2.0
DEBUG:rasterio._io:Output nodata value read from file: 2.0
DEBUG:rasterio._io:Output nodata value read from file: 2.0
DEBUG:rasterio._io:Output nodata value read from file: 2.0
DEBUG:rasterio._io:Output nodata value read from file: 2.0
DEBUG:rasterio._io:Output nodata value read from file: 2.0
DEBUG:rasterio._io:Output nodata value read from file: 2.0
DEBUG:rasterio._io:Output nodata value read from file: 2.0
DEBUG:rasterio._io:Output nodata value read from file: 2.0
DEBUG:rasterio._io:Output nodata value read from file: 2.0
DEBUG:rasterio._io:Output nodata value read from file: 2.0
DEBUG:rasterio._io:Output nodata value read from file: 2.0
DEBUG:rasterio._io:Output nodata value read from file: 2.0
DEBUG:rasterio._io:Output nodata value read from file: 2.0
DEBUG:rasterio._io:Output nodata value read from file: 2.0
DEBUG:rasterio._io:Output nodata value read from file: 2.0
DEBUG:rasterio._io:Output nodata value read from file: 2.0
DEBUG:rasterio._io:Output nodata value read from file: 2.0
DEBUG:rasterio._io:Output nodata value read from file: 2.0
DEBUG:rasterio._io:Output nodata value read from file: 2.0
DEBUG:rasterio._io:Output nodata value read from file: 2.0
DEBUG:rasterio._io:Output nodata value read from file: 2.0
DEBUG:rasterio._io:Output nodata value read from file: 2.0
DEBUG:rasterio._io:Output nodata value read from file: 2.0
DEBUG:rasterio._io:Output nodata value read from file: 2.0
DEBUG:rasterio._io:Output nodata value read from file: 2.0
DEBUG:rasterio._io:Output nodata value read from file: 2.0
DEBUG:rasterio._io:Output nodata value read from file: 2.0
DEBUG:rasterio._io:Output nodata value read from file: 2.0
DEBUG:rasterio._io:Output nodata value read from file: 2.0
DEBUG:rasterio._io:Output nodata value read from file: 2.0
DEBUG:rasterio._io:Output nodata value read from file: 2.0
DEBUG:rasterio._io:Output nodata value read from file: 2.0
DEBUG:rasterio._io:Output nodata value read from file: 2.0
DEBUG:rasterio._io:Output nodata value read from file: 2.0
DEBUG:rasterio._io:Output nodata value read from file: 2.0
DEBUG:rasterio._io:Output nodata value read from file: 2.0
DEBUG:rasterio._io:Output nodata value read from file: 2.0
DEBUG:rasterio._io:Output nodata value read from file: 2.0
DEBUG:rasterio._io:Output nodata value read from file: 2.0
DEBUG:rasterio._io:Output nodata value read from file: 2.0
DEBUG:rasterio._io:Output nodata value read from file: 2.0
DEBUG:rasterio._io:Output nodata value read from file: 2.0
DEBUG:rasterio._io:Output nodata value read from file: 2.0
DEBUG:rasterio._io:Output nodata value read from file: 2.0
DEBUG:rasterio._io:Output nodata value read from file: 2.0
DEBUG:rasterio._io:Output nodata value read from file: 2.0
DEBUG:rasterio._io:Output nodata value read from file: 2.0
DEBUG:rasterio._io:Output nodata value read from file: 2.0
DEBUG:rasterio._io:Output nodata value read from file: 2.0
DEBUG:rasterio._io:Output nodata value read from file: 2.0
DEBUG:rasterio._io:Output nodata value read from file: 2.0
DEBUG:rasterio._io:Output nodata value read from file: 2.0
DEBUG:rasterio._io:Output nodata value read from file: 2.0
DEBUG:rasterio._io:Output nodata value read from file: 2.0
DEBUG:rasterio._io:Output nodata value read from file: 2.0
DEBUG:rasterio._io:Output nodata value read from file: 2.0
DEBUG:rasterio._io:Output nodata value read from file: 2.0
DEBUG:rasterio._io:Output nodata value read from file: 2.0
DEBUG:rasterio._io:Output nodata value read from file: 2.0
DEBUG:rasterio._io:Output nodata value read from file: 2.0
DEBUG:rasterio._io:Output nodata value read from file: 2.0
DEBUG:rasterio._io:Output nodata value read from file: 2.0
DEBUG:rasterio._io:Output nodata value read from file: 2.0
DEBUG:rasterio._io:Output nodata value read from file: 2.0
DEBUG:rasterio._io:Output nodata value read from file: 2.0
DEBUG:rasterio._io:Output nodata value read from file: 2.0
DEBUG:rasterio._io:Output nodata value read from file: 2.0
DEBUG:rasterio._io:Output nodata value read from file: 2.0
DEBUG:rasterio._io:Output nodata value read from file: 2.0
DEBUG:rasterio._io:Output nodata value read from file: 2.0
DEBUG:rasterio._io:Output nodata value read from file: 2.0
DEBUG:rasterio._io:Output nodata value read from file: 2.0
DEBUG:rasterio._io:Output nodata value read from file: 2.0
DEBUG:rasterio._io:Output nodata value read from file: 2.0
DEBUG:rasterio._io:Output nodata value read from file: 2.0
DEBUG:rasterio._io:Output nodata value read from file: 2.0
DEBUG:rasterio._io:Output nodata value read from file: 2.0
DEBUG:rasterio._io:Output nodata value read from file: 2.0
DEBUG:rasterio._io:Output nodata value read from file: 2.0
DEBUG:rasterio._io:Output nodata value read from file: 2.0
DEBUG:rasterio._io:Output nodata value read from file: 2.0
DEBUG:rasterio._io:Output nodata value read from file: 2.0
DEBUG:rasterio._io:Output nodata value read from file: 2.0
DEBUG:rasterio._io:Output nodata value read from file: 2.0
DEBUG:rasterio._io:Output nodata value read from file: 2.0
DEBUG:rasterio._io:Output nodata value read from file: 2.0
DEBUG:rasterio._io:Output nodata value read from file: 2.0
DEBUG:rasterio._io:Output nodata value read from file: 2.0
DEBUG:rasterio._io:Output nodata value read from file: 2.0
DEBUG:rasterio._io:Output nodata value read from file: 2.0
DEBUG:rasterio._io:Output nodata value read from file: 2.0
DEBUG:rasterio._io:Output nodata value read from file: 2.0
DEBUG:rasterio._io:Output nodata value read from file: 2.0
DEBUG:rasterio._io:Output nodata value read from file: 2.0
DEBUG:rasterio._io:Output nodata value read from file: 2.0
DEBUG:rasterio._io:Output nodata value read from file: 2.0
DEBUG:rasterio._io:Output nodata value read from file: 2.0
DEBUG:rasterio._io:Output nodata value read from file: 2.0
DEBUG:rasterio._io:Output nodata value read from file: 2.0
DEBUG:rasterio._io:Output nodata value read from file: 2.0
DEBUG:rasterio._io:Output nodata value read from file: 2.0
DEBUG:rasterio._io:Output nodata value read from file: 2.0
DEBUG:rasterio._io:Output nodata value read from file: 2.0
DEBUG:rasterio._io:Output nodata value read from file: 2.0
DEBUG:rasterio._io:Output nodata value read from file: 2.0
DEBUG:rasterio._io:Output nodata value read from file: 2.0
DEBUG:rasterio._io:Output nodata value read from file: 2.0
DEBUG:rasterio._io:Output nodata value read from file: 2.0
DEBUG:rasterio._io:Output nodata value read from file: 2.0
DEBUG:rasterio._io:Output nodata value read from file: 2.0
DEBUG:rasterio._io:Output nodata value read from file: 2.0
DEBUG:rasterio._io:Output nodata value read from file: 2.0
DEBUG:rasterio._io:Output nodata value read from file: 2.0
DEBUG:rasterio._io:Output nodata value read from file: 2.0
DEBUG:rasterio._io:Output nodata value read from file: 2.0
DEBUG:rasterio._io:Output nodata value read from file: 2.0
DEBUG:rasterio._io:Output nodata value read from file: 2.0
DEBUG:rasterio._io:Output nodata value read from file: 2.0
DEBUG:rasterio._io:Output nodata value read from file: 2.0
DEBUG:rasterio._io:Output nodata value read from file: 2.0
DEBUG:rasterio._io:Output nodata value read from file: 2.0
DEBUG:rasterio._io:Output nodata value read from file: 2.0
DEBUG:rasterio._io:Output nodata value read from file: 2.0
DEBUG:rasterio._io:Output nodata value read from file: 2.0
DEBUG:rasterio._io:Output nodata value read from file: 2.0
DEBUG:rasterio._io:Output nodata value read from file: 2.0
DEBUG:rasterio._io:Output nodata value read from file: 2.0
DEBUG:rasterio._io:Output nodata value read from file: 2.0
DEBUG:rasterio._io:Output nodata value read from file: 2.0
DEBUG:rasterio._io:Output nodata value read from file: 2.0
DEBUG:rasterio._io:Output nodata value read from file: 2.0
DEBUG:rasterio._io:Output nodata value read from file: 2.0
DEBUG:rasterio._io:Output nodata value read from file: 2.0
DEBUG:rasterio._io:Output nodata value read from file: 2.0
DEBUG:rasterio._io:Output nodata value read from file: 2.0
DEBUG:rasterio._io:Output nodata value read from file: 2.0
DEBUG:rasterio._io:Output nodata value read from file: 2.0
DEBUG:rasterio._io:Output nodata value read from file: 2.0
DEBUG:rasterio._io:Output nodata value read from file: 2.0
DEBUG:rasterio._io:Output nodata value read from file: 2.0
DEBUG:rasterio._io:Output nodata values: [2.0, 2.0, 2.0, 2.0, 2.0, 2.0, 2.0, 2.0, 2.0, 2.0, 2.0, 2.0, 2.0, 2.0, 2.0, 2.0, 2.0, 2.0, 2.0, 2.0, 2.0, 2.0, 2.0, 2.0, 2.0, 2.0, 2.0, 2.0, 2.0, 2.0, 2.0, 2.0, 2.0, 2.0, 2.0, 2.0, 2.0, 2.0, 2.0, 2.0, 2.0, 2.0, 2.0, 2.0, 2.0, 2.0, 2.0, 2.0, 2.0, 2.0, 2.0, 2.0, 2.0, 2.0, 2.0, 2.0, 2.0, 2.0, 2.0, 2.0, 2.0, 2.0, 2.0, 2.0, 2.0, 2.0, 2.0, 2.0, 2.0, 2.0, 2.0, 2.0, 2.0, 2.0, 2.0, 2.0, 2.0, 2.0, 2.0, 2.0, 2.0, 2.0, 2.0, 2.0, 2.0, 2.0, 2.0, 2.0, 2.0, 2.0, 2.0, 2.0, 2.0, 2.0, 2.0, 2.0, 2.0, 2.0, 2.0, 2.0, 2.0, 2.0, 2.0, 2.0, 2.0, 2.0, 2.0, 2.0, 2.0, 2.0, 2.0, 2.0, 2.0, 2.0, 2.0, 2.0, 2.0, 2.0, 2.0, 2.0, 2.0, 2.0, 2.0, 2.0, 2.0, 2.0, 2.0, 2.0, 2.0, 2.0, 2.0, 2.0, 2.0, 2.0, 2.0, 2.0, 2.0, 2.0, 2.0, 2.0, 2.0, 2.0, 2.0, 2.0, 2.0, 2.0, 2.0, 2.0, 2.0, 2.0, 2.0, 2.0, 2.0, 2.0, 2.0, 2.0, 2.0, 2.0, 2.0, 2.0, 2.0, 2.0, 2.0, 2.0, 2.0, 2.0, 2.0, 2.0, 2.0, 2.0, 2.0, 2.0, 2.0, 2.0, 2.0, 2.0, 2.0, 2.0, 2.0, 2.0, 2.0, 2.0, 2.0, 2.0, 2.0, 2.0, 2.0, 2.0, 2.0, 2.0, 2.0, 2.0, 2.0, 2.0, 2.0, 2.0, 2.0, 2.0, 2.0, 2.0]
DEBUG:rasterio._io:all_valid: False
DEBUG:rasterio._io:mask_flags: ([<MaskFlags.nodata: 8>], [<MaskFlags.nodata: 8>], [<MaskFlags.nodata: 8>], [<MaskFlags.nodata: 8>], [<MaskFlags.nodata: 8>], [<MaskFlags.nodata: 8>], [<MaskFlags.nodata: 8>], [<MaskFlags.nodata: 8>], [<MaskFlags.nodata: 8>], [<MaskFlags.nodata: 8>], [<MaskFlags.nodata: 8>], [<MaskFlags.nodata: 8>], [<MaskFlags.nodata: 8>], [<MaskFlags.nodata: 8>], [<MaskFlags.nodata: 8>], [<MaskFlags.nodata: 8>], [<MaskFlags.nodata: 8>], [<MaskFlags.nodata: 8>], [<MaskFlags.nodata: 8>], [<MaskFlags.nodata: 8>], [<MaskFlags.nodata: 8>], [<MaskFlags.nodata: 8>], [<MaskFlags.nodata: 8>], [<MaskFlags.nodata: 8>], [<MaskFlags.nodata: 8>], [<MaskFlags.nodata: 8>], [<MaskFlags.nodata: 8>], [<MaskFlags.nodata: 8>], [<MaskFlags.nodata: 8>], [<MaskFlags.nodata: 8>], [<MaskFlags.nodata: 8>], [<MaskFlags.nodata: 8>], [<MaskFlags.nodata: 8>], [<MaskFlags.nodata: 8>], [<MaskFlags.nodata: 8>], [<MaskFlags.nodata: 8>], [<MaskFlags.nodata: 8>], [<MaskFlags.nodata: 8>], [<MaskFlags.nodata: 8>], [<MaskFlags.nodata: 8>], [<MaskFlags.nodata: 8>], [<MaskFlags.nodata: 8>], [<MaskFlags.nodata: 8>], [<MaskFlags.nodata: 8>], [<MaskFlags.nodata: 8>], [<MaskFlags.nodata: 8>], [<MaskFlags.nodata: 8>], [<MaskFlags.nodata: 8>], [<MaskFlags.nodata: 8>], [<MaskFlags.nodata: 8>], [<MaskFlags.nodata: 8>], [<MaskFlags.nodata: 8>], [<MaskFlags.nodata: 8>], [<MaskFlags.nodata: 8>], [<MaskFlags.nodata: 8>], [<MaskFlags.nodata: 8>], [<MaskFlags.nodata: 8>], [<MaskFlags.nodata: 8>], [<MaskFlags.nodata: 8>], [<MaskFlags.nodata: 8>], [<MaskFlags.nodata: 8>], [<MaskFlags.nodata: 8>], [<MaskFlags.nodata: 8>], [<MaskFlags.nodata: 8>], [<MaskFlags.nodata: 8>], [<MaskFlags.nodata: 8>], [<MaskFlags.nodata: 8>], [<MaskFlags.nodata: 8>], [<MaskFlags.nodata: 8>], [<MaskFlags.nodata: 8>], [<MaskFlags.nodata: 8>], [<MaskFlags.nodata: 8>], [<MaskFlags.nodata: 8>], [<MaskFlags.nodata: 8>], [<MaskFlags.nodata: 8>], [<MaskFlags.nodata: 8>], [<MaskFlags.nodata: 8>], [<MaskFlags.nodata: 8>], [<MaskFlags.nodata: 8>], [<MaskFlags.nodata: 8>], [<MaskFlags.nodata: 8>], [<MaskFlags.nodata: 8>], [<MaskFlags.nodata: 8>], [<MaskFlags.nodata: 8>], [<MaskFlags.nodata: 8>], [<MaskFlags.nodata: 8>], [<MaskFlags.nodata: 8>], [<MaskFlags.nodata: 8>], [<MaskFlags.nodata: 8>], [<MaskFlags.nodata: 8>], [<MaskFlags.nodata: 8>], [<MaskFlags.nodata: 8>], [<MaskFlags.nodata: 8>], [<MaskFlags.nodata: 8>], [<MaskFlags.nodata: 8>], [<MaskFlags.nodata: 8>], [<MaskFlags.nodata: 8>], [<MaskFlags.nodata: 8>], [<MaskFlags.nodata: 8>], [<MaskFlags.nodata: 8>], [<MaskFlags.nodata: 8>], [<MaskFlags.nodata: 8>], [<MaskFlags.nodata: 8>], [<MaskFlags.nodata: 8>], [<MaskFlags.nodata: 8>], [<MaskFlags.nodata: 8>], [<MaskFlags.nodata: 8>], [<MaskFlags.nodata: 8>], [<MaskFlags.nodata: 8>], [<MaskFlags.nodata: 8>], [<MaskFlags.nodata: 8>], [<MaskFlags.nodata: 8>], [<MaskFlags.nodata: 8>], [<MaskFlags.nodata: 8>], [<MaskFlags.nodata: 8>], [<MaskFlags.nodata: 8>], [<MaskFlags.nodata: 8>], [<MaskFlags.nodata: 8>], [<MaskFlags.nodata: 8>], [<MaskFlags.nodata: 8>], [<MaskFlags.nodata: 8>], [<MaskFlags.nodata: 8>], [<MaskFlags.nodata: 8>], [<MaskFlags.nodata: 8>], [<MaskFlags.nodata: 8>], [<MaskFlags.nodata: 8>], [<MaskFlags.nodata: 8>], [<MaskFlags.nodata: 8>], [<MaskFlags.nodata: 8>], [<MaskFlags.nodata: 8>], [<MaskFlags.nodata: 8>], [<MaskFlags.nodata: 8>], [<MaskFlags.nodata: 8>], [<MaskFlags.nodata: 8>], [<MaskFlags.nodata: 8>], [<MaskFlags.nodata: 8>], [<MaskFlags.nodata: 8>], [<MaskFlags.nodata: 8>], [<MaskFlags.nodata: 8>], [<MaskFlags.nodata: 8>], [<MaskFlags.nodata: 8>], [<MaskFlags.nodata: 8>], [<MaskFlags.nodata: 8>], [<MaskFlags.nodata: 8>], [<MaskFlags.nodata: 8>], [<MaskFlags.nodata: 8>], [<MaskFlags.nodata: 8>], [<MaskFlags.nodata: 8>], [<MaskFlags.nodata: 8>], [<MaskFlags.nodata: 8>], [<MaskFlags.nodata: 8>], [<MaskFlags.nodata: 8>], [<MaskFlags.nodata: 8>], [<MaskFlags.nodata: 8>], [<MaskFlags.nodata: 8>], [<MaskFlags.nodata: 8>], [<MaskFlags.nodata: 8>], [<MaskFlags.nodata: 8>], [<MaskFlags.nodata: 8>], [<MaskFlags.nodata: 8>], [<MaskFlags.nodata: 8>], [<MaskFlags.nodata: 8>], [<MaskFlags.nodata: 8>], [<MaskFlags.nodata: 8>], [<MaskFlags.nodata: 8>], [<MaskFlags.nodata: 8>], [<MaskFlags.nodata: 8>], [<MaskFlags.nodata: 8>], [<MaskFlags.nodata: 8>], [<MaskFlags.nodata: 8>], [<MaskFlags.nodata: 8>], [<MaskFlags.nodata: 8>], [<MaskFlags.nodata: 8>], [<MaskFlags.nodata: 8>], [<MaskFlags.nodata: 8>], [<MaskFlags.nodata: 8>], [<MaskFlags.nodata: 8>], [<MaskFlags.nodata: 8>], [<MaskFlags.nodata: 8>], [<MaskFlags.nodata: 8>], [<MaskFlags.nodata: 8>], [<MaskFlags.nodata: 8>], [<MaskFlags.nodata: 8>], [<MaskFlags.nodata: 8>], [<MaskFlags.nodata: 8>], [<MaskFlags.nodata: 8>], [<MaskFlags.nodata: 8>], [<MaskFlags.nodata: 8>], [<MaskFlags.nodata: 8>], [<MaskFlags.nodata: 8>], [<MaskFlags.nodata: 8>], [<MaskFlags.nodata: 8>], [<MaskFlags.nodata: 8>], [<MaskFlags.nodata: 8>], [<MaskFlags.nodata: 8>], [<MaskFlags.nodata: 8>], [<MaskFlags.nodata: 8>], [<MaskFlags.nodata: 8>], [<MaskFlags.nodata: 8>], [<MaskFlags.nodata: 8>])
DEBUG:rasterio._io:Jump straight to _read()
DEBUG:rasterio._io:Window: None
DEBUG:rasterio._io:IO window xoff=0.0 yoff=0.0 width=808.0 height=620.0
DEBUG:rasterio._io:IO window xoff=0.0 yoff=0.0 width=808.0 height=620.0
DEBUG:rasterio.env:Exiting env context: <rasterio.env.Env object at 0x000001620A022960>
DEBUG:rasterio.env:Cleared existing <rasterio._env.GDALEnv object at 0x0000016209F74430> options
DEBUG:rasterio._env:Stopped GDALEnv <rasterio._env.GDALEnv object at 0x0000016209F74430>.
DEBUG:rasterio.env:Exiting outermost env
DEBUG:rasterio.env:Exited env context: <rasterio.env.Env object at 0x000001620A022960>
INFO:gui.customwidgets.imageworkspace:Workspace Image set
